[2015-12-03 13:41:54] local.ERROR: exception 'PDOException' with message 'SQLSTATE[42S22]: Column not found: 1054 Unknown column 'absrtact' in 'field list'' in /alidata/www/wincoach/vendor/laravel/framework/src/Illuminate/Database/Connection.php:358
Stack trace:
#0 /alidata/www/wincoach/vendor/laravel/framework/src/Illuminate/Database/Connection.php(358): PDO->prepare('insert into `we...')
#1 /alidata/www/wincoach/vendor/laravel/framework/src/Illuminate/Database/Connection.php(612): Illuminate\Database\Connection->Illuminate\Database\{closure}(Object(Illuminate\Database\MySqlConnection), 'insert into `we...', Array)
#2 /alidata/www/wincoach/vendor/laravel/framework/src/Illuminate/Database/Connection.php(576): Illuminate\Database\Connection->runQueryCallback('insert into `we...', Array, Object(Closure))
#3 /alidata/www/wincoach/vendor/laravel/framework/src/Illuminate/Database/Connection.php(359): Illuminate\Database\Connection->run('insert into `we...', Array, Object(Closure))
#4 /alidata/www/wincoach/vendor/laravel/framework/src/Illuminate/Database/Connection.php(316): Illuminate\Database\Connection->statement('insert into `we...', Array)
#5 /alidata/www/wincoach/vendor/laravel/framework/src/Illuminate/Database/Query/Processors/Processor.php(30): Illuminate\Database\Connection->insert('insert into `we...', Array)
#6 /alidata/www/wincoach/vendor/laravel/framework/src/Illuminate/Database/Query/Builder.php(1718): Illuminate\Database\Query\Processors\Processor->processInsertGetId(Object(Illuminate\Database\Query\Builder), 'insert into `we...', Array, 'id')
#7 [internal function]: Illuminate\Database\Query\Builder->insertGetId(Array, 'id')
#8 /alidata/www/wincoach/vendor/laravel/framework/src/Illuminate/Database/Eloquent/Builder.php(933): call_user_func_array(Array, Array)
#9 /alidata/www/wincoach/vendor/compiled.php(9807): Illuminate\Database\Eloquent\Builder->__call('insertGetId', Array)
#10 /alidata/www/wincoach/vendor/compiled.php(9807): Illuminate\Database\Eloquent\Builder->insertGetId(Array, 'id')
#11 /alidata/www/wincoach/vendor/compiled.php(9797): Illuminate\Database\Eloquent\Model->insertAndSetId(Object(Illuminate\Database\Eloquent\Builder), Array)
#12 /alidata/www/wincoach/vendor/compiled.php(9754): Illuminate\Database\Eloquent\Model->performInsert(Object(Illuminate\Database\Eloquent\Builder), Array)
#13 /alidata/www/wincoach/vendor/compiled.php(9394): Illuminate\Database\Eloquent\Model->save()
#14 /alidata/www/wincoach/database/seeds/WebNewsTableSeeder.php(27): Illuminate\Database\Eloquent\Model::create(Array)
#15 /alidata/www/wincoach/vendor/laravel/framework/src/Illuminate/Database/Seeder.php(37): WebNewsTableSeeder->run()
#16 /alidata/www/wincoach/database/seeds/DatabaseSeeder.php(17): Illuminate\Database\Seeder->call('WebNewsTableSee...')
#17 /alidata/www/wincoach/vendor/laravel/framework/src/Illuminate/Database/Console/SeedCommand.php(57): DatabaseSeeder->run()
#18 [internal function]: Illuminate\Database\Console\SeedCommand->fire()
#19 /alidata/www/wincoach/vendor/compiled.php(925): call_user_func_array(Array, Array)
#20 /alidata/www/wincoach/vendor/laravel/framework/src/Illuminate/Console/Command.php(115): Illuminate\Container\Container->call(Array)
#21 /alidata/www/wincoach/vendor/symfony/console/Symfony/Component/Console/Command/Command.php(253): Illuminate\Console\Command->execute(Object(Symfony\Component\Console\Input\ArgvInput), Object(Symfony\Component\Console\Output\ConsoleOutput))
#22 /alidata/www/wincoach/vendor/laravel/framework/src/Illuminate/Console/Command.php(101): Symfony\Component\Console\Command\Command->run(Object(Symfony\Component\Console\Input\ArgvInput), Object(Symfony\Component\Console\Output\ConsoleOutput))
#23 /alidata/www/wincoach/vendor/symfony/console/Symfony/Component/Console/Application.php(874): Illuminate\Console\Command->run(Object(Symfony\Component\Console\Input\ArgvInput), Object(Symfony\Component\Console\Output\ConsoleOutput))
#24 /alidata/www/wincoach/vendor/symfony/console/Symfony/Component/Console/Application.php(195): Symfony\Component\Console\Application->doRunCommand(Object(Illuminate\Database\Console\SeedCommand), Object(Symfony\Component\Console\Input\ArgvInput), Object(Symfony\Component\Console\Output\ConsoleOutput))
#25 /alidata/www/wincoach/vendor/symfony/console/Symfony/Component/Console/Application.php(126): Symfony\Component\Console\Application->doRun(Object(Symfony\Component\Console\Input\ArgvInput), Object(Symfony\Component\Console\Output\ConsoleOutput))
#26 /alidata/www/wincoach/vendor/laravel/framework/src/Illuminate/Foundation/Console/Kernel.php(90): Symfony\Component\Console\Application->run(Object(Symfony\Component\Console\Input\ArgvInput), Object(Symfony\Component\Console\Output\ConsoleOutput))
#27 /alidata/www/wincoach/artisan(36): Illuminate\Foundation\Console\Kernel->handle(Object(Symfony\Component\Console\Input\ArgvInput), Object(Symfony\Component\Console\Output\ConsoleOutput))
#28 {main}

Next exception 'Illuminate\Database\QueryException' with message 'SQLSTATE[42S22]: Column not found: 1054 Unknown column 'absrtact' in 'field list' (SQL: insert into `web_news` (`title`, `absrtact`, `keywords`, `type`, `source`, `time`, `content`, `pic_url`, `state`, `reco_type`, `reco_state`, `creator_id`, `count`, `updated_at`, `created_at`) values (测试新闻标题0，要长长的，长一点，再长一点，嗯，差不多了, 测试新闻摘要0为了凑够字数再多写几个字，嗯，再多写几个字，感觉差不多了吧，应该是够了呢。, 测试关键词16，测试关键词11, 7, 猜猜是来源4？, 2015-10-30 01:41:54, 测试正文内容0正文嘛，就是要长长的，一定要比标题还要长，还要长，还要长，长到突破天际，长到能够让人看上一眼就不想读，就像虽然你萌根本就看不到这个内容，但是我还是要把它写的长长的。嗯，差不多够长了，好了，那就到这吧，临走之前再打几个字充一下字数。顺便一提，小学的作文要限制字数的时候，我就想这么干，现在终于有机会了，哈哈哈红红火火恍恍惚惚何厚铧。, image/ga.jpg, 2, 2, 1, 1, 7227, 2015-12-03 13:41:54, 2015-12-03 13:41:54))' in /alidata/www/wincoach/vendor/laravel/framework/src/Illuminate/Database/Connection.php:620
Stack trace:
#0 /alidata/www/wincoach/vendor/laravel/framework/src/Illuminate/Database/Connection.php(576): Illuminate\Database\Connection->runQueryCallback('insert into `we...', Array, Object(Closure))
#1 /alidata/www/wincoach/vendor/laravel/framework/src/Illuminate/Database/Connection.php(359): Illuminate\Database\Connection->run('insert into `we...', Array, Object(Closure))
#2 /alidata/www/wincoach/vendor/laravel/framework/src/Illuminate/Database/Connection.php(316): Illuminate\Database\Connection->statement('insert into `we...', Array)
#3 /alidata/www/wincoach/vendor/laravel/framework/src/Illuminate/Database/Query/Processors/Processor.php(30): Illuminate\Database\Connection->insert('insert into `we...', Array)
#4 /alidata/www/wincoach/vendor/laravel/framework/src/Illuminate/Database/Query/Builder.php(1718): Illuminate\Database\Query\Processors\Processor->processInsertGetId(Object(Illuminate\Database\Query\Builder), 'insert into `we...', Array, 'id')
#5 [internal function]: Illuminate\Database\Query\Builder->insertGetId(Array, 'id')
#6 /alidata/www/wincoach/vendor/laravel/framework/src/Illuminate/Database/Eloquent/Builder.php(933): call_user_func_array(Array, Array)
#7 /alidata/www/wincoach/vendor/compiled.php(9807): Illuminate\Database\Eloquent\Builder->__call('insertGetId', Array)
#8 /alidata/www/wincoach/vendor/compiled.php(9807): Illuminate\Database\Eloquent\Builder->insertGetId(Array, 'id')
#9 /alidata/www/wincoach/vendor/compiled.php(9797): Illuminate\Database\Eloquent\Model->insertAndSetId(Object(Illuminate\Database\Eloquent\Builder), Array)
#10 /alidata/www/wincoach/vendor/compiled.php(9754): Illuminate\Database\Eloquent\Model->performInsert(Object(Illuminate\Database\Eloquent\Builder), Array)
#11 /alidata/www/wincoach/vendor/compiled.php(9394): Illuminate\Database\Eloquent\Model->save()
#12 /alidata/www/wincoach/database/seeds/WebNewsTableSeeder.php(27): Illuminate\Database\Eloquent\Model::create(Array)
#13 /alidata/www/wincoach/vendor/laravel/framework/src/Illuminate/Database/Seeder.php(37): WebNewsTableSeeder->run()
#14 /alidata/www/wincoach/database/seeds/DatabaseSeeder.php(17): Illuminate\Database\Seeder->call('WebNewsTableSee...')
#15 /alidata/www/wincoach/vendor/laravel/framework/src/Illuminate/Database/Console/SeedCommand.php(57): DatabaseSeeder->run()
#16 [internal function]: Illuminate\Database\Console\SeedCommand->fire()
#17 /alidata/www/wincoach/vendor/compiled.php(925): call_user_func_array(Array, Array)
#18 /alidata/www/wincoach/vendor/laravel/framework/src/Illuminate/Console/Command.php(115): Illuminate\Container\Container->call(Array)
#19 /alidata/www/wincoach/vendor/symfony/console/Symfony/Component/Console/Command/Command.php(253): Illuminate\Console\Command->execute(Object(Symfony\Component\Console\Input\ArgvInput), Object(Symfony\Component\Console\Output\ConsoleOutput))
#20 /alidata/www/wincoach/vendor/laravel/framework/src/Illuminate/Console/Command.php(101): Symfony\Component\Console\Command\Command->run(Object(Symfony\Component\Console\Input\ArgvInput), Object(Symfony\Component\Console\Output\ConsoleOutput))
#21 /alidata/www/wincoach/vendor/symfony/console/Symfony/Component/Console/Application.php(874): Illuminate\Console\Command->run(Object(Symfony\Component\Console\Input\ArgvInput), Object(Symfony\Component\Console\Output\ConsoleOutput))
#22 /alidata/www/wincoach/vendor/symfony/console/Symfony/Component/Console/Application.php(195): Symfony\Component\Console\Application->doRunCommand(Object(Illuminate\Database\Console\SeedCommand), Object(Symfony\Component\Console\Input\ArgvInput), Object(Symfony\Component\Console\Output\ConsoleOutput))
#23 /alidata/www/wincoach/vendor/symfony/console/Symfony/Component/Console/Application.php(126): Symfony\Component\Console\Application->doRun(Object(Symfony\Component\Console\Input\ArgvInput), Object(Symfony\Component\Console\Output\ConsoleOutput))
#24 /alidata/www/wincoach/vendor/laravel/framework/src/Illuminate/Foundation/Console/Kernel.php(90): Symfony\Component\Console\Application->run(Object(Symfony\Component\Console\Input\ArgvInput), Object(Symfony\Component\Console\Output\ConsoleOutput))
#25 /alidata/www/wincoach/artisan(36): Illuminate\Foundation\Console\Kernel->handle(Object(Symfony\Component\Console\Input\ArgvInput), Object(Symfony\Component\Console\Output\ConsoleOutput))
#26 {main}  
[2015-12-03 13:53:55] local.ERROR: exception 'PDOException' with message 'SQLSTATE[42S22]: Column not found: 1054 Unknown column 'title' in 'field list'' in /alidata/www/wincoach/vendor/laravel/framework/src/Illuminate/Database/Connection.php:358
Stack trace:
#0 /alidata/www/wincoach/vendor/laravel/framework/src/Illuminate/Database/Connection.php(358): PDO->prepare('insert into `we...')
#1 /alidata/www/wincoach/vendor/laravel/framework/src/Illuminate/Database/Connection.php(612): Illuminate\Database\Connection->Illuminate\Database\{closure}(Object(Illuminate\Database\MySqlConnection), 'insert into `we...', Array)
#2 /alidata/www/wincoach/vendor/laravel/framework/src/Illuminate/Database/Connection.php(576): Illuminate\Database\Connection->runQueryCallback('insert into `we...', Array, Object(Closure))
#3 /alidata/www/wincoach/vendor/laravel/framework/src/Illuminate/Database/Connection.php(359): Illuminate\Database\Connection->run('insert into `we...', Array, Object(Closure))
#4 /alidata/www/wincoach/vendor/laravel/framework/src/Illuminate/Database/Connection.php(316): Illuminate\Database\Connection->statement('insert into `we...', Array)
#5 /alidata/www/wincoach/vendor/laravel/framework/src/Illuminate/Database/Query/Processors/Processor.php(30): Illuminate\Database\Connection->insert('insert into `we...', Array)
#6 /alidata/www/wincoach/vendor/laravel/framework/src/Illuminate/Database/Query/Builder.php(1718): Illuminate\Database\Query\Processors\Processor->processInsertGetId(Object(Illuminate\Database\Query\Builder), 'insert into `we...', Array, 'id')
#7 [internal function]: Illuminate\Database\Query\Builder->insertGetId(Array, 'id')
#8 /alidata/www/wincoach/vendor/laravel/framework/src/Illuminate/Database/Eloquent/Builder.php(933): call_user_func_array(Array, Array)
#9 /alidata/www/wincoach/vendor/compiled.php(9807): Illuminate\Database\Eloquent\Builder->__call('insertGetId', Array)
#10 /alidata/www/wincoach/vendor/compiled.php(9807): Illuminate\Database\Eloquent\Builder->insertGetId(Array, 'id')
#11 /alidata/www/wincoach/vendor/compiled.php(9797): Illuminate\Database\Eloquent\Model->insertAndSetId(Object(Illuminate\Database\Eloquent\Builder), Array)
#12 /alidata/www/wincoach/vendor/compiled.php(9754): Illuminate\Database\Eloquent\Model->performInsert(Object(Illuminate\Database\Eloquent\Builder), Array)
#13 /alidata/www/wincoach/vendor/compiled.php(9394): Illuminate\Database\Eloquent\Model->save()
#14 /alidata/www/wincoach/database/seeds/WebSrvpdTableSeeder.php(25): Illuminate\Database\Eloquent\Model::create(Array)
#15 /alidata/www/wincoach/vendor/laravel/framework/src/Illuminate/Database/Seeder.php(37): WebSrvpdTableSeeder->run()
#16 /alidata/www/wincoach/database/seeds/DatabaseSeeder.php(19): Illuminate\Database\Seeder->call('WebSrvpdTableSe...')
#17 /alidata/www/wincoach/vendor/laravel/framework/src/Illuminate/Database/Console/SeedCommand.php(57): DatabaseSeeder->run()
#18 [internal function]: Illuminate\Database\Console\SeedCommand->fire()
#19 /alidata/www/wincoach/vendor/compiled.php(925): call_user_func_array(Array, Array)
#20 /alidata/www/wincoach/vendor/laravel/framework/src/Illuminate/Console/Command.php(115): Illuminate\Container\Container->call(Array)
#21 /alidata/www/wincoach/vendor/symfony/console/Symfony/Component/Console/Command/Command.php(253): Illuminate\Console\Command->execute(Object(Symfony\Component\Console\Input\ArgvInput), Object(Symfony\Component\Console\Output\ConsoleOutput))
#22 /alidata/www/wincoach/vendor/laravel/framework/src/Illuminate/Console/Command.php(101): Symfony\Component\Console\Command\Command->run(Object(Symfony\Component\Console\Input\ArgvInput), Object(Symfony\Component\Console\Output\ConsoleOutput))
#23 /alidata/www/wincoach/vendor/symfony/console/Symfony/Component/Console/Application.php(874): Illuminate\Console\Command->run(Object(Symfony\Component\Console\Input\ArgvInput), Object(Symfony\Component\Console\Output\ConsoleOutput))
#24 /alidata/www/wincoach/vendor/symfony/console/Symfony/Component/Console/Application.php(195): Symfony\Component\Console\Application->doRunCommand(Object(Illuminate\Database\Console\SeedCommand), Object(Symfony\Component\Console\Input\ArgvInput), Object(Symfony\Component\Console\Output\ConsoleOutput))
#25 /alidata/www/wincoach/vendor/symfony/console/Symfony/Component/Console/Application.php(126): Symfony\Component\Console\Application->doRun(Object(Symfony\Component\Console\Input\ArgvInput), Object(Symfony\Component\Console\Output\ConsoleOutput))
#26 /alidata/www/wincoach/vendor/laravel/framework/src/Illuminate/Foundation/Console/Kernel.php(90): Symfony\Component\Console\Application->run(Object(Symfony\Component\Console\Input\ArgvInput), Object(Symfony\Component\Console\Output\ConsoleOutput))
#27 /alidata/www/wincoach/artisan(36): Illuminate\Foundation\Console\Kernel->handle(Object(Symfony\Component\Console\Input\ArgvInput), Object(Symfony\Component\Console\Output\ConsoleOutput))
#28 {main}

Next exception 'Illuminate\Database\QueryException' with message 'SQLSTATE[42S22]: Column not found: 1054 Unknown column 'title' in 'field list' (SQL: insert into `web_srvpds` (`title`, `abstract`, `keywords`, `type`, `price`, `validate`, `content`, `pic_url`, `state`, `creator_id`, `count`, `updated_at`, `created_at`) values (测试服务标题0，要长长的，长一点，再长一点，嗯，差不多了, 测试服务摘要0为了凑够字数再多写几个字，嗯，再多写几个字，感觉差不多了吧，应该是够了呢。, 测试服务关键词10，测试服务关键词6, 7, 17670, 2015-12-22 01:53:55, 测试服务正文内容0正文嘛，就是要长长的，一定要比标题还要长，还要长，还要长，长到突破天际，长到能够让人看上一眼就不想读，就像虽然你萌根本就看不到这个内容，但是我还是要把它写的长长的。嗯，差不多够长了，好了，那就到这吧，临走之前再打几个字充一下字数。顺便一提，小学的作文要限制字数的时候，我就想这么干，现在终于有机会了，哈哈哈红红火火恍恍惚惚何厚铧。, image/ga.jpg, 2, 1, 4079, 2015-12-03 13:53:55, 2015-12-03 13:53:55))' in /alidata/www/wincoach/vendor/laravel/framework/src/Illuminate/Database/Connection.php:620
Stack trace:
#0 /alidata/www/wincoach/vendor/laravel/framework/src/Illuminate/Database/Connection.php(576): Illuminate\Database\Connection->runQueryCallback('insert into `we...', Array, Object(Closure))
#1 /alidata/www/wincoach/vendor/laravel/framework/src/Illuminate/Database/Connection.php(359): Illuminate\Database\Connection->run('insert into `we...', Array, Object(Closure))
#2 /alidata/www/wincoach/vendor/laravel/framework/src/Illuminate/Database/Connection.php(316): Illuminate\Database\Connection->statement('insert into `we...', Array)
#3 /alidata/www/wincoach/vendor/laravel/framework/src/Illuminate/Database/Query/Processors/Processor.php(30): Illuminate\Database\Connection->insert('insert into `we...', Array)
#4 /alidata/www/wincoach/vendor/laravel/framework/src/Illuminate/Database/Query/Builder.php(1718): Illuminate\Database\Query\Processors\Processor->processInsertGetId(Object(Illuminate\Database\Query\Builder), 'insert into `we...', Array, 'id')
#5 [internal function]: Illuminate\Database\Query\Builder->insertGetId(Array, 'id')
#6 /alidata/www/wincoach/vendor/laravel/framework/src/Illuminate/Database/Eloquent/Builder.php(933): call_user_func_array(Array, Array)
#7 /alidata/www/wincoach/vendor/compiled.php(9807): Illuminate\Database\Eloquent\Builder->__call('insertGetId', Array)
#8 /alidata/www/wincoach/vendor/compiled.php(9807): Illuminate\Database\Eloquent\Builder->insertGetId(Array, 'id')
#9 /alidata/www/wincoach/vendor/compiled.php(9797): Illuminate\Database\Eloquent\Model->insertAndSetId(Object(Illuminate\Database\Eloquent\Builder), Array)
#10 /alidata/www/wincoach/vendor/compiled.php(9754): Illuminate\Database\Eloquent\Model->performInsert(Object(Illuminate\Database\Eloquent\Builder), Array)
#11 /alidata/www/wincoach/vendor/compiled.php(9394): Illuminate\Database\Eloquent\Model->save()
#12 /alidata/www/wincoach/database/seeds/WebSrvpdTableSeeder.php(25): Illuminate\Database\Eloquent\Model::create(Array)
#13 /alidata/www/wincoach/vendor/laravel/framework/src/Illuminate/Database/Seeder.php(37): WebSrvpdTableSeeder->run()
#14 /alidata/www/wincoach/database/seeds/DatabaseSeeder.php(19): Illuminate\Database\Seeder->call('WebSrvpdTableSe...')
#15 /alidata/www/wincoach/vendor/laravel/framework/src/Illuminate/Database/Console/SeedCommand.php(57): DatabaseSeeder->run()
#16 [internal function]: Illuminate\Database\Console\SeedCommand->fire()
#17 /alidata/www/wincoach/vendor/compiled.php(925): call_user_func_array(Array, Array)
#18 /alidata/www/wincoach/vendor/laravel/framework/src/Illuminate/Console/Command.php(115): Illuminate\Container\Container->call(Array)
#19 /alidata/www/wincoach/vendor/symfony/console/Symfony/Component/Console/Command/Command.php(253): Illuminate\Console\Command->execute(Object(Symfony\Component\Console\Input\ArgvInput), Object(Symfony\Component\Console\Output\ConsoleOutput))
#20 /alidata/www/wincoach/vendor/laravel/framework/src/Illuminate/Console/Command.php(101): Symfony\Component\Console\Command\Command->run(Object(Symfony\Component\Console\Input\ArgvInput), Object(Symfony\Component\Console\Output\ConsoleOutput))
#21 /alidata/www/wincoach/vendor/symfony/console/Symfony/Component/Console/Application.php(874): Illuminate\Console\Command->run(Object(Symfony\Component\Console\Input\ArgvInput), Object(Symfony\Component\Console\Output\ConsoleOutput))
#22 /alidata/www/wincoach/vendor/symfony/console/Symfony/Component/Console/Application.php(195): Symfony\Component\Console\Application->doRunCommand(Object(Illuminate\Database\Console\SeedCommand), Object(Symfony\Component\Console\Input\ArgvInput), Object(Symfony\Component\Console\Output\ConsoleOutput))
#23 /alidata/www/wincoach/vendor/symfony/console/Symfony/Component/Console/Application.php(126): Symfony\Component\Console\Application->doRun(Object(Symfony\Component\Console\Input\ArgvInput), Object(Symfony\Component\Console\Output\ConsoleOutput))
#24 /alidata/www/wincoach/vendor/laravel/framework/src/Illuminate/Foundation/Console/Kernel.php(90): Symfony\Component\Console\Application->run(Object(Symfony\Component\Console\Input\ArgvInput), Object(Symfony\Component\Console\Output\ConsoleOutput))
#25 /alidata/www/wincoach/artisan(36): Illuminate\Foundation\Console\Kernel->handle(Object(Symfony\Component\Console\Input\ArgvInput), Object(Symfony\Component\Console\Output\ConsoleOutput))
#26 {main}  
[2015-12-03 13:56:41] local.ERROR: exception 'PDOException' with message 'SQLSTATE[42S22]: Column not found: 1054 Unknown column 'pic_url' in 'field list'' in /alidata/www/wincoach/vendor/laravel/framework/src/Illuminate/Database/Connection.php:358
Stack trace:
#0 /alidata/www/wincoach/vendor/laravel/framework/src/Illuminate/Database/Connection.php(358): PDO->prepare('insert into `we...')
#1 /alidata/www/wincoach/vendor/laravel/framework/src/Illuminate/Database/Connection.php(612): Illuminate\Database\Connection->Illuminate\Database\{closure}(Object(Illuminate\Database\MySqlConnection), 'insert into `we...', Array)
#2 /alidata/www/wincoach/vendor/laravel/framework/src/Illuminate/Database/Connection.php(576): Illuminate\Database\Connection->runQueryCallback('insert into `we...', Array, Object(Closure))
#3 /alidata/www/wincoach/vendor/laravel/framework/src/Illuminate/Database/Connection.php(359): Illuminate\Database\Connection->run('insert into `we...', Array, Object(Closure))
#4 /alidata/www/wincoach/vendor/laravel/framework/src/Illuminate/Database/Connection.php(316): Illuminate\Database\Connection->statement('insert into `we...', Array)
#5 /alidata/www/wincoach/vendor/laravel/framework/src/Illuminate/Database/Query/Processors/Processor.php(30): Illuminate\Database\Connection->insert('insert into `we...', Array)
#6 /alidata/www/wincoach/vendor/laravel/framework/src/Illuminate/Database/Query/Builder.php(1718): Illuminate\Database\Query\Processors\Processor->processInsertGetId(Object(Illuminate\Database\Query\Builder), 'insert into `we...', Array, 'id')
#7 [internal function]: Illuminate\Database\Query\Builder->insertGetId(Array, 'id')
#8 /alidata/www/wincoach/vendor/laravel/framework/src/Illuminate/Database/Eloquent/Builder.php(933): call_user_func_array(Array, Array)
#9 /alidata/www/wincoach/vendor/compiled.php(9807): Illuminate\Database\Eloquent\Builder->__call('insertGetId', Array)
#10 /alidata/www/wincoach/vendor/compiled.php(9807): Illuminate\Database\Eloquent\Builder->insertGetId(Array, 'id')
#11 /alidata/www/wincoach/vendor/compiled.php(9797): Illuminate\Database\Eloquent\Model->insertAndSetId(Object(Illuminate\Database\Eloquent\Builder), Array)
#12 /alidata/www/wincoach/vendor/compiled.php(9754): Illuminate\Database\Eloquent\Model->performInsert(Object(Illuminate\Database\Eloquent\Builder), Array)
#13 /alidata/www/wincoach/vendor/compiled.php(9394): Illuminate\Database\Eloquent\Model->save()
#14 /alidata/www/wincoach/database/seeds/WebSrvpdTableSeeder.php(25): Illuminate\Database\Eloquent\Model::create(Array)
#15 /alidata/www/wincoach/vendor/laravel/framework/src/Illuminate/Database/Seeder.php(37): WebSrvpdTableSeeder->run()
#16 /alidata/www/wincoach/database/seeds/DatabaseSeeder.php(19): Illuminate\Database\Seeder->call('WebSrvpdTableSe...')
#17 /alidata/www/wincoach/vendor/laravel/framework/src/Illuminate/Database/Console/SeedCommand.php(57): DatabaseSeeder->run()
#18 [internal function]: Illuminate\Database\Console\SeedCommand->fire()
#19 /alidata/www/wincoach/vendor/compiled.php(925): call_user_func_array(Array, Array)
#20 /alidata/www/wincoach/vendor/laravel/framework/src/Illuminate/Console/Command.php(115): Illuminate\Container\Container->call(Array)
#21 /alidata/www/wincoach/vendor/symfony/console/Symfony/Component/Console/Command/Command.php(253): Illuminate\Console\Command->execute(Object(Symfony\Component\Console\Input\ArgvInput), Object(Symfony\Component\Console\Output\ConsoleOutput))
#22 /alidata/www/wincoach/vendor/laravel/framework/src/Illuminate/Console/Command.php(101): Symfony\Component\Console\Command\Command->run(Object(Symfony\Component\Console\Input\ArgvInput), Object(Symfony\Component\Console\Output\ConsoleOutput))
#23 /alidata/www/wincoach/vendor/symfony/console/Symfony/Component/Console/Application.php(874): Illuminate\Console\Command->run(Object(Symfony\Component\Console\Input\ArgvInput), Object(Symfony\Component\Console\Output\ConsoleOutput))
#24 /alidata/www/wincoach/vendor/symfony/console/Symfony/Component/Console/Application.php(195): Symfony\Component\Console\Application->doRunCommand(Object(Illuminate\Database\Console\SeedCommand), Object(Symfony\Component\Console\Input\ArgvInput), Object(Symfony\Component\Console\Output\ConsoleOutput))
#25 /alidata/www/wincoach/vendor/symfony/console/Symfony/Component/Console/Application.php(126): Symfony\Component\Console\Application->doRun(Object(Symfony\Component\Console\Input\ArgvInput), Object(Symfony\Component\Console\Output\ConsoleOutput))
#26 /alidata/www/wincoach/vendor/laravel/framework/src/Illuminate/Foundation/Console/Kernel.php(90): Symfony\Component\Console\Application->run(Object(Symfony\Component\Console\Input\ArgvInput), Object(Symfony\Component\Console\Output\ConsoleOutput))
#27 /alidata/www/wincoach/artisan(36): Illuminate\Foundation\Console\Kernel->handle(Object(Symfony\Component\Console\Input\ArgvInput), Object(Symfony\Component\Console\Output\ConsoleOutput))
#28 {main}

Next exception 'Illuminate\Database\QueryException' with message 'SQLSTATE[42S22]: Column not found: 1054 Unknown column 'pic_url' in 'field list' (SQL: insert into `web_srvpds` (`name`, `abstract`, `keywords`, `type`, `price`, `validate`, `content`, `pic_url`, `state`, `creator_id`, `count`, `updated_at`, `created_at`) values (测试服务标题0，要长长的，长一点，再长一点，嗯，差不多了, 测试服务摘要0为了凑够字数再多写几个字，嗯，再多写几个字，感觉差不多了吧，应该是够了呢。, 测试服务关键词4，测试服务关键词5, 2, 18765, 2015-12-24 01:56:41, 测试服务正文内容0正文嘛，就是要长长的，一定要比标题还要长，还要长，还要长，长到突破天际，长到能够让人看上一眼就不想读，就像虽然你萌根本就看不到这个内容，但是我还是要把它写的长长的。嗯，差不多够长了，好了，那就到这吧，临走之前再打几个字充一下字数。顺便一提，小学的作文要限制字数的时候，我就想这么干，现在终于有机会了，哈哈哈红红火火恍恍惚惚何厚铧。, image/ga.jpg, 2, 1, 8553, 2015-12-03 13:56:41, 2015-12-03 13:56:41))' in /alidata/www/wincoach/vendor/laravel/framework/src/Illuminate/Database/Connection.php:620
Stack trace:
#0 /alidata/www/wincoach/vendor/laravel/framework/src/Illuminate/Database/Connection.php(576): Illuminate\Database\Connection->runQueryCallback('insert into `we...', Array, Object(Closure))
#1 /alidata/www/wincoach/vendor/laravel/framework/src/Illuminate/Database/Connection.php(359): Illuminate\Database\Connection->run('insert into `we...', Array, Object(Closure))
#2 /alidata/www/wincoach/vendor/laravel/framework/src/Illuminate/Database/Connection.php(316): Illuminate\Database\Connection->statement('insert into `we...', Array)
#3 /alidata/www/wincoach/vendor/laravel/framework/src/Illuminate/Database/Query/Processors/Processor.php(30): Illuminate\Database\Connection->insert('insert into `we...', Array)
#4 /alidata/www/wincoach/vendor/laravel/framework/src/Illuminate/Database/Query/Builder.php(1718): Illuminate\Database\Query\Processors\Processor->processInsertGetId(Object(Illuminate\Database\Query\Builder), 'insert into `we...', Array, 'id')
#5 [internal function]: Illuminate\Database\Query\Builder->insertGetId(Array, 'id')
#6 /alidata/www/wincoach/vendor/laravel/framework/src/Illuminate/Database/Eloquent/Builder.php(933): call_user_func_array(Array, Array)
#7 /alidata/www/wincoach/vendor/compiled.php(9807): Illuminate\Database\Eloquent\Builder->__call('insertGetId', Array)
#8 /alidata/www/wincoach/vendor/compiled.php(9807): Illuminate\Database\Eloquent\Builder->insertGetId(Array, 'id')
#9 /alidata/www/wincoach/vendor/compiled.php(9797): Illuminate\Database\Eloquent\Model->insertAndSetId(Object(Illuminate\Database\Eloquent\Builder), Array)
#10 /alidata/www/wincoach/vendor/compiled.php(9754): Illuminate\Database\Eloquent\Model->performInsert(Object(Illuminate\Database\Eloquent\Builder), Array)
#11 /alidata/www/wincoach/vendor/compiled.php(9394): Illuminate\Database\Eloquent\Model->save()
#12 /alidata/www/wincoach/database/seeds/WebSrvpdTableSeeder.php(25): Illuminate\Database\Eloquent\Model::create(Array)
#13 /alidata/www/wincoach/vendor/laravel/framework/src/Illuminate/Database/Seeder.php(37): WebSrvpdTableSeeder->run()
#14 /alidata/www/wincoach/database/seeds/DatabaseSeeder.php(19): Illuminate\Database\Seeder->call('WebSrvpdTableSe...')
#15 /alidata/www/wincoach/vendor/laravel/framework/src/Illuminate/Database/Console/SeedCommand.php(57): DatabaseSeeder->run()
#16 [internal function]: Illuminate\Database\Console\SeedCommand->fire()
#17 /alidata/www/wincoach/vendor/compiled.php(925): call_user_func_array(Array, Array)
#18 /alidata/www/wincoach/vendor/laravel/framework/src/Illuminate/Console/Command.php(115): Illuminate\Container\Container->call(Array)
#19 /alidata/www/wincoach/vendor/symfony/console/Symfony/Component/Console/Command/Command.php(253): Illuminate\Console\Command->execute(Object(Symfony\Component\Console\Input\ArgvInput), Object(Symfony\Component\Console\Output\ConsoleOutput))
#20 /alidata/www/wincoach/vendor/laravel/framework/src/Illuminate/Console/Command.php(101): Symfony\Component\Console\Command\Command->run(Object(Symfony\Component\Console\Input\ArgvInput), Object(Symfony\Component\Console\Output\ConsoleOutput))
#21 /alidata/www/wincoach/vendor/symfony/console/Symfony/Component/Console/Application.php(874): Illuminate\Console\Command->run(Object(Symfony\Component\Console\Input\ArgvInput), Object(Symfony\Component\Console\Output\ConsoleOutput))
#22 /alidata/www/wincoach/vendor/symfony/console/Symfony/Component/Console/Application.php(195): Symfony\Component\Console\Application->doRunCommand(Object(Illuminate\Database\Console\SeedCommand), Object(Symfony\Component\Console\Input\ArgvInput), Object(Symfony\Component\Console\Output\ConsoleOutput))
#23 /alidata/www/wincoach/vendor/symfony/console/Symfony/Component/Console/Application.php(126): Symfony\Component\Console\Application->doRun(Object(Symfony\Component\Console\Input\ArgvInput), Object(Symfony\Component\Console\Output\ConsoleOutput))
#24 /alidata/www/wincoach/vendor/laravel/framework/src/Illuminate/Foundation/Console/Kernel.php(90): Symfony\Component\Console\Application->run(Object(Symfony\Component\Console\Input\ArgvInput), Object(Symfony\Component\Console\Output\ConsoleOutput))
#25 /alidata/www/wincoach/artisan(36): Illuminate\Foundation\Console\Kernel->handle(Object(Symfony\Component\Console\Input\ArgvInput), Object(Symfony\Component\Console\Output\ConsoleOutput))
#26 {main}  
[2015-12-03 13:59:21] local.ERROR: exception 'PDOException' with message 'SQLSTATE[HY000]: General error: 1364 Field 'url' doesn't have a default value' in /alidata/www/wincoach/vendor/laravel/framework/src/Illuminate/Database/Connection.php:358
Stack trace:
#0 /alidata/www/wincoach/vendor/laravel/framework/src/Illuminate/Database/Connection.php(358): PDOStatement->execute(Array)
#1 /alidata/www/wincoach/vendor/laravel/framework/src/Illuminate/Database/Connection.php(612): Illuminate\Database\Connection->Illuminate\Database\{closure}(Object(Illuminate\Database\MySqlConnection), 'insert into `we...', Array)
#2 /alidata/www/wincoach/vendor/laravel/framework/src/Illuminate/Database/Connection.php(576): Illuminate\Database\Connection->runQueryCallback('insert into `we...', Array, Object(Closure))
#3 /alidata/www/wincoach/vendor/laravel/framework/src/Illuminate/Database/Connection.php(359): Illuminate\Database\Connection->run('insert into `we...', Array, Object(Closure))
#4 /alidata/www/wincoach/vendor/laravel/framework/src/Illuminate/Database/Connection.php(316): Illuminate\Database\Connection->statement('insert into `we...', Array)
#5 /alidata/www/wincoach/vendor/laravel/framework/src/Illuminate/Database/Query/Processors/Processor.php(30): Illuminate\Database\Connection->insert('insert into `we...', Array)
#6 /alidata/www/wincoach/vendor/laravel/framework/src/Illuminate/Database/Query/Builder.php(1718): Illuminate\Database\Query\Processors\Processor->processInsertGetId(Object(Illuminate\Database\Query\Builder), 'insert into `we...', Array, 'id')
#7 [internal function]: Illuminate\Database\Query\Builder->insertGetId(Array, 'id')
#8 /alidata/www/wincoach/vendor/laravel/framework/src/Illuminate/Database/Eloquent/Builder.php(933): call_user_func_array(Array, Array)
#9 /alidata/www/wincoach/vendor/compiled.php(9807): Illuminate\Database\Eloquent\Builder->__call('insertGetId', Array)
#10 /alidata/www/wincoach/vendor/compiled.php(9807): Illuminate\Database\Eloquent\Builder->insertGetId(Array, 'id')
#11 /alidata/www/wincoach/vendor/compiled.php(9797): Illuminate\Database\Eloquent\Model->insertAndSetId(Object(Illuminate\Database\Eloquent\Builder), Array)
#12 /alidata/www/wincoach/vendor/compiled.php(9754): Illuminate\Database\Eloquent\Model->performInsert(Object(Illuminate\Database\Eloquent\Builder), Array)
#13 /alidata/www/wincoach/vendor/compiled.php(9394): Illuminate\Database\Eloquent\Model->save()
#14 /alidata/www/wincoach/database/seeds/WebSrvpdTableSeeder.php(25): Illuminate\Database\Eloquent\Model::create(Array)
#15 /alidata/www/wincoach/vendor/laravel/framework/src/Illuminate/Database/Seeder.php(37): WebSrvpdTableSeeder->run()
#16 /alidata/www/wincoach/database/seeds/DatabaseSeeder.php(19): Illuminate\Database\Seeder->call('WebSrvpdTableSe...')
#17 /alidata/www/wincoach/vendor/laravel/framework/src/Illuminate/Database/Console/SeedCommand.php(57): DatabaseSeeder->run()
#18 [internal function]: Illuminate\Database\Console\SeedCommand->fire()
#19 /alidata/www/wincoach/vendor/compiled.php(925): call_user_func_array(Array, Array)
#20 /alidata/www/wincoach/vendor/laravel/framework/src/Illuminate/Console/Command.php(115): Illuminate\Container\Container->call(Array)
#21 /alidata/www/wincoach/vendor/symfony/console/Symfony/Component/Console/Command/Command.php(253): Illuminate\Console\Command->execute(Object(Symfony\Component\Console\Input\ArgvInput), Object(Symfony\Component\Console\Output\ConsoleOutput))
#22 /alidata/www/wincoach/vendor/laravel/framework/src/Illuminate/Console/Command.php(101): Symfony\Component\Console\Command\Command->run(Object(Symfony\Component\Console\Input\ArgvInput), Object(Symfony\Component\Console\Output\ConsoleOutput))
#23 /alidata/www/wincoach/vendor/symfony/console/Symfony/Component/Console/Application.php(874): Illuminate\Console\Command->run(Object(Symfony\Component\Console\Input\ArgvInput), Object(Symfony\Component\Console\Output\ConsoleOutput))
#24 /alidata/www/wincoach/vendor/symfony/console/Symfony/Component/Console/Application.php(195): Symfony\Component\Console\Application->doRunCommand(Object(Illuminate\Database\Console\SeedCommand), Object(Symfony\Component\Console\Input\ArgvInput), Object(Symfony\Component\Console\Output\ConsoleOutput))
#25 /alidata/www/wincoach/vendor/symfony/console/Symfony/Component/Console/Application.php(126): Symfony\Component\Console\Application->doRun(Object(Symfony\Component\Console\Input\ArgvInput), Object(Symfony\Component\Console\Output\ConsoleOutput))
#26 /alidata/www/wincoach/vendor/laravel/framework/src/Illuminate/Foundation/Console/Kernel.php(90): Symfony\Component\Console\Application->run(Object(Symfony\Component\Console\Input\ArgvInput), Object(Symfony\Component\Console\Output\ConsoleOutput))
#27 /alidata/www/wincoach/artisan(36): Illuminate\Foundation\Console\Kernel->handle(Object(Symfony\Component\Console\Input\ArgvInput), Object(Symfony\Component\Console\Output\ConsoleOutput))
#28 {main}

Next exception 'Illuminate\Database\QueryException' with message 'SQLSTATE[HY000]: General error: 1364 Field 'url' doesn't have a default value (SQL: insert into `web_srvpds` (`name`, `abstract`, `keywords`, `type`, `price`, `validate`, `content`, `pic_url`, `state`, `creator_id`, `count`, `updated_at`, `created_at`) values (测试服务标题0，要长长的，长一点，再长一点，嗯，差不多了, 测试服务摘要0为了凑够字数再多写几个字，嗯，再多写几个字，感觉差不多了吧，应该是够了呢。, 测试服务关键词13，测试服务关键词5, 3, 3184, 2016-03-01 01:59:21, 测试服务正文内容0正文嘛，就是要长长的，一定要比标题还要长，还要长，还要长，长到突破天际，长到能够让人看上一眼就不想读，就像虽然你萌根本就看不到这个内容，但是我还是要把它写的长长的。嗯，差不多够长了，好了，那就到这吧，临走之前再打几个字充一下字数。顺便一提，小学的作文要限制字数的时候，我就想这么干，现在终于有机会了，哈哈哈红红火火恍恍惚惚何厚铧。, image/ga.jpg, 2, 1, 6465, 2015-12-03 13:59:21, 2015-12-03 13:59:21))' in /alidata/www/wincoach/vendor/laravel/framework/src/Illuminate/Database/Connection.php:620
Stack trace:
#0 /alidata/www/wincoach/vendor/laravel/framework/src/Illuminate/Database/Connection.php(576): Illuminate\Database\Connection->runQueryCallback('insert into `we...', Array, Object(Closure))
#1 /alidata/www/wincoach/vendor/laravel/framework/src/Illuminate/Database/Connection.php(359): Illuminate\Database\Connection->run('insert into `we...', Array, Object(Closure))
#2 /alidata/www/wincoach/vendor/laravel/framework/src/Illuminate/Database/Connection.php(316): Illuminate\Database\Connection->statement('insert into `we...', Array)
#3 /alidata/www/wincoach/vendor/laravel/framework/src/Illuminate/Database/Query/Processors/Processor.php(30): Illuminate\Database\Connection->insert('insert into `we...', Array)
#4 /alidata/www/wincoach/vendor/laravel/framework/src/Illuminate/Database/Query/Builder.php(1718): Illuminate\Database\Query\Processors\Processor->processInsertGetId(Object(Illuminate\Database\Query\Builder), 'insert into `we...', Array, 'id')
#5 [internal function]: Illuminate\Database\Query\Builder->insertGetId(Array, 'id')
#6 /alidata/www/wincoach/vendor/laravel/framework/src/Illuminate/Database/Eloquent/Builder.php(933): call_user_func_array(Array, Array)
#7 /alidata/www/wincoach/vendor/compiled.php(9807): Illuminate\Database\Eloquent\Builder->__call('insertGetId', Array)
#8 /alidata/www/wincoach/vendor/compiled.php(9807): Illuminate\Database\Eloquent\Builder->insertGetId(Array, 'id')
#9 /alidata/www/wincoach/vendor/compiled.php(9797): Illuminate\Database\Eloquent\Model->insertAndSetId(Object(Illuminate\Database\Eloquent\Builder), Array)
#10 /alidata/www/wincoach/vendor/compiled.php(9754): Illuminate\Database\Eloquent\Model->performInsert(Object(Illuminate\Database\Eloquent\Builder), Array)
#11 /alidata/www/wincoach/vendor/compiled.php(9394): Illuminate\Database\Eloquent\Model->save()
#12 /alidata/www/wincoach/database/seeds/WebSrvpdTableSeeder.php(25): Illuminate\Database\Eloquent\Model::create(Array)
#13 /alidata/www/wincoach/vendor/laravel/framework/src/Illuminate/Database/Seeder.php(37): WebSrvpdTableSeeder->run()
#14 /alidata/www/wincoach/database/seeds/DatabaseSeeder.php(19): Illuminate\Database\Seeder->call('WebSrvpdTableSe...')
#15 /alidata/www/wincoach/vendor/laravel/framework/src/Illuminate/Database/Console/SeedCommand.php(57): DatabaseSeeder->run()
#16 [internal function]: Illuminate\Database\Console\SeedCommand->fire()
#17 /alidata/www/wincoach/vendor/compiled.php(925): call_user_func_array(Array, Array)
#18 /alidata/www/wincoach/vendor/laravel/framework/src/Illuminate/Console/Command.php(115): Illuminate\Container\Container->call(Array)
#19 /alidata/www/wincoach/vendor/symfony/console/Symfony/Component/Console/Command/Command.php(253): Illuminate\Console\Command->execute(Object(Symfony\Component\Console\Input\ArgvInput), Object(Symfony\Component\Console\Output\ConsoleOutput))
#20 /alidata/www/wincoach/vendor/laravel/framework/src/Illuminate/Console/Command.php(101): Symfony\Component\Console\Command\Command->run(Object(Symfony\Component\Console\Input\ArgvInput), Object(Symfony\Component\Console\Output\ConsoleOutput))
#21 /alidata/www/wincoach/vendor/symfony/console/Symfony/Component/Console/Application.php(874): Illuminate\Console\Command->run(Object(Symfony\Component\Console\Input\ArgvInput), Object(Symfony\Component\Console\Output\ConsoleOutput))
#22 /alidata/www/wincoach/vendor/symfony/console/Symfony/Component/Console/Application.php(195): Symfony\Component\Console\Application->doRunCommand(Object(Illuminate\Database\Console\SeedCommand), Object(Symfony\Component\Console\Input\ArgvInput), Object(Symfony\Component\Console\Output\ConsoleOutput))
#23 /alidata/www/wincoach/vendor/symfony/console/Symfony/Component/Console/Application.php(126): Symfony\Component\Console\Application->doRun(Object(Symfony\Component\Console\Input\ArgvInput), Object(Symfony\Component\Console\Output\ConsoleOutput))
#24 /alidata/www/wincoach/vendor/laravel/framework/src/Illuminate/Foundation/Console/Kernel.php(90): Symfony\Component\Console\Application->run(Object(Symfony\Component\Console\Input\ArgvInput), Object(Symfony\Component\Console\Output\ConsoleOutput))
#25 /alidata/www/wincoach/artisan(36): Illuminate\Foundation\Console\Kernel->handle(Object(Symfony\Component\Console\Input\ArgvInput), Object(Symfony\Component\Console\Output\ConsoleOutput))
#26 {main}  
[2015-12-03 14:11:12] local.ERROR: exception 'PDOException' with message 'SQLSTATE[HY000] [1049] Unknown database 'wincoach'' in /alidata/www/wincoach/vendor/laravel/framework/src/Illuminate/Database/Connectors/Connector.php:47
Stack trace:
#0 /alidata/www/wincoach/vendor/laravel/framework/src/Illuminate/Database/Connectors/Connector.php(47): PDO->__construct('mysql:host=loca...', 'wincoach', 'wincoach123', Array)
#1 /alidata/www/wincoach/vendor/laravel/framework/src/Illuminate/Database/Connectors/MySqlConnector.php(20): Illuminate\Database\Connectors\Connector->createConnection('mysql:host=loca...', Array, Array)
#2 /alidata/www/wincoach/vendor/compiled.php(10673): Illuminate\Database\Connectors\MySqlConnector->connect(Array)
#3 /alidata/www/wincoach/vendor/compiled.php(10669): Illuminate\Database\Connectors\ConnectionFactory->createSingleConnection(Array)
#4 /alidata/www/wincoach/vendor/compiled.php(10587): Illuminate\Database\Connectors\ConnectionFactory->make(Array, 'mysql')
#5 /alidata/www/wincoach/vendor/compiled.php(10542): Illuminate\Database\DatabaseManager->makeConnection('mysql')
#6 /alidata/www/wincoach/vendor/laravel/framework/src/Illuminate/Database/Migrations/DatabaseMigrationRepository.php(167): Illuminate\Database\DatabaseManager->connection(NULL)
#7 /alidata/www/wincoach/vendor/laravel/framework/src/Illuminate/Database/Migrations/DatabaseMigrationRepository.php(135): Illuminate\Database\Migrations\DatabaseMigrationRepository->getConnection()
#8 /alidata/www/wincoach/vendor/laravel/framework/src/Illuminate/Database/Migrations/Migrator.php(371): Illuminate\Database\Migrations\DatabaseMigrationRepository->repositoryExists()
#9 /alidata/www/wincoach/vendor/laravel/framework/src/Illuminate/Database/Console/Migrations/MigrateCommand.php(101): Illuminate\Database\Migrations\Migrator->repositoryExists()
#10 /alidata/www/wincoach/vendor/laravel/framework/src/Illuminate/Database/Console/Migrations/MigrateCommand.php(54): Illuminate\Database\Console\Migrations\MigrateCommand->prepareDatabase()
#11 [internal function]: Illuminate\Database\Console\Migrations\MigrateCommand->fire()
#12 /alidata/www/wincoach/vendor/compiled.php(925): call_user_func_array(Array, Array)
#13 /alidata/www/wincoach/vendor/laravel/framework/src/Illuminate/Console/Command.php(115): Illuminate\Container\Container->call(Array)
#14 /alidata/www/wincoach/vendor/symfony/console/Symfony/Component/Console/Command/Command.php(253): Illuminate\Console\Command->execute(Object(Symfony\Component\Console\Input\ArgvInput), Object(Symfony\Component\Console\Output\ConsoleOutput))
#15 /alidata/www/wincoach/vendor/laravel/framework/src/Illuminate/Console/Command.php(101): Symfony\Component\Console\Command\Command->run(Object(Symfony\Component\Console\Input\ArgvInput), Object(Symfony\Component\Console\Output\ConsoleOutput))
#16 /alidata/www/wincoach/vendor/symfony/console/Symfony/Component/Console/Application.php(874): Illuminate\Console\Command->run(Object(Symfony\Component\Console\Input\ArgvInput), Object(Symfony\Component\Console\Output\ConsoleOutput))
#17 /alidata/www/wincoach/vendor/symfony/console/Symfony/Component/Console/Application.php(195): Symfony\Component\Console\Application->doRunCommand(Object(Illuminate\Database\Console\Migrations\MigrateCommand), Object(Symfony\Component\Console\Input\ArgvInput), Object(Symfony\Component\Console\Output\ConsoleOutput))
#18 /alidata/www/wincoach/vendor/symfony/console/Symfony/Component/Console/Application.php(126): Symfony\Component\Console\Application->doRun(Object(Symfony\Component\Console\Input\ArgvInput), Object(Symfony\Component\Console\Output\ConsoleOutput))
#19 /alidata/www/wincoach/vendor/laravel/framework/src/Illuminate/Foundation/Console/Kernel.php(90): Symfony\Component\Console\Application->run(Object(Symfony\Component\Console\Input\ArgvInput), Object(Symfony\Component\Console\Output\ConsoleOutput))
#20 /alidata/www/wincoach/artisan(36): Illuminate\Foundation\Console\Kernel->handle(Object(Symfony\Component\Console\Input\ArgvInput), Object(Symfony\Component\Console\Output\ConsoleOutput))
#21 {main}  
[2015-12-03 14:13:13] local.ERROR: exception 'PDOException' with message 'SQLSTATE[42S22]: Column not found: 1054 Unknown column 'pic_url' in 'field list'' in /alidata/www/wincoach/vendor/laravel/framework/src/Illuminate/Database/Connection.php:358
Stack trace:
#0 /alidata/www/wincoach/vendor/laravel/framework/src/Illuminate/Database/Connection.php(358): PDO->prepare('insert into `we...')
#1 /alidata/www/wincoach/vendor/laravel/framework/src/Illuminate/Database/Connection.php(612): Illuminate\Database\Connection->Illuminate\Database\{closure}(Object(Illuminate\Database\MySqlConnection), 'insert into `we...', Array)
#2 /alidata/www/wincoach/vendor/laravel/framework/src/Illuminate/Database/Connection.php(576): Illuminate\Database\Connection->runQueryCallback('insert into `we...', Array, Object(Closure))
#3 /alidata/www/wincoach/vendor/laravel/framework/src/Illuminate/Database/Connection.php(359): Illuminate\Database\Connection->run('insert into `we...', Array, Object(Closure))
#4 /alidata/www/wincoach/vendor/laravel/framework/src/Illuminate/Database/Connection.php(316): Illuminate\Database\Connection->statement('insert into `we...', Array)
#5 /alidata/www/wincoach/vendor/laravel/framework/src/Illuminate/Database/Query/Processors/Processor.php(30): Illuminate\Database\Connection->insert('insert into `we...', Array)
#6 /alidata/www/wincoach/vendor/laravel/framework/src/Illuminate/Database/Query/Builder.php(1718): Illuminate\Database\Query\Processors\Processor->processInsertGetId(Object(Illuminate\Database\Query\Builder), 'insert into `we...', Array, 'id')
#7 [internal function]: Illuminate\Database\Query\Builder->insertGetId(Array, 'id')
#8 /alidata/www/wincoach/vendor/laravel/framework/src/Illuminate/Database/Eloquent/Builder.php(933): call_user_func_array(Array, Array)
#9 /alidata/www/wincoach/vendor/compiled.php(9807): Illuminate\Database\Eloquent\Builder->__call('insertGetId', Array)
#10 /alidata/www/wincoach/vendor/compiled.php(9807): Illuminate\Database\Eloquent\Builder->insertGetId(Array, 'id')
#11 /alidata/www/wincoach/vendor/compiled.php(9797): Illuminate\Database\Eloquent\Model->insertAndSetId(Object(Illuminate\Database\Eloquent\Builder), Array)
#12 /alidata/www/wincoach/vendor/compiled.php(9754): Illuminate\Database\Eloquent\Model->performInsert(Object(Illuminate\Database\Eloquent\Builder), Array)
#13 /alidata/www/wincoach/vendor/compiled.php(9394): Illuminate\Database\Eloquent\Model->save()
#14 /alidata/www/wincoach/database/seeds/WebSrvpdTableSeeder.php(25): Illuminate\Database\Eloquent\Model::create(Array)
#15 /alidata/www/wincoach/vendor/laravel/framework/src/Illuminate/Database/Seeder.php(37): WebSrvpdTableSeeder->run()
#16 /alidata/www/wincoach/database/seeds/DatabaseSeeder.php(19): Illuminate\Database\Seeder->call('WebSrvpdTableSe...')
#17 /alidata/www/wincoach/vendor/laravel/framework/src/Illuminate/Database/Console/SeedCommand.php(57): DatabaseSeeder->run()
#18 [internal function]: Illuminate\Database\Console\SeedCommand->fire()
#19 /alidata/www/wincoach/vendor/compiled.php(925): call_user_func_array(Array, Array)
#20 /alidata/www/wincoach/vendor/laravel/framework/src/Illuminate/Console/Command.php(115): Illuminate\Container\Container->call(Array)
#21 /alidata/www/wincoach/vendor/symfony/console/Symfony/Component/Console/Command/Command.php(253): Illuminate\Console\Command->execute(Object(Symfony\Component\Console\Input\ArgvInput), Object(Symfony\Component\Console\Output\ConsoleOutput))
#22 /alidata/www/wincoach/vendor/laravel/framework/src/Illuminate/Console/Command.php(101): Symfony\Component\Console\Command\Command->run(Object(Symfony\Component\Console\Input\ArgvInput), Object(Symfony\Component\Console\Output\ConsoleOutput))
#23 /alidata/www/wincoach/vendor/symfony/console/Symfony/Component/Console/Application.php(874): Illuminate\Console\Command->run(Object(Symfony\Component\Console\Input\ArgvInput), Object(Symfony\Component\Console\Output\ConsoleOutput))
#24 /alidata/www/wincoach/vendor/symfony/console/Symfony/Component/Console/Application.php(195): Symfony\Component\Console\Application->doRunCommand(Object(Illuminate\Database\Console\SeedCommand), Object(Symfony\Component\Console\Input\ArgvInput), Object(Symfony\Component\Console\Output\ConsoleOutput))
#25 /alidata/www/wincoach/vendor/symfony/console/Symfony/Component/Console/Application.php(126): Symfony\Component\Console\Application->doRun(Object(Symfony\Component\Console\Input\ArgvInput), Object(Symfony\Component\Console\Output\ConsoleOutput))
#26 /alidata/www/wincoach/vendor/laravel/framework/src/Illuminate/Foundation/Console/Kernel.php(90): Symfony\Component\Console\Application->run(Object(Symfony\Component\Console\Input\ArgvInput), Object(Symfony\Component\Console\Output\ConsoleOutput))
#27 /alidata/www/wincoach/artisan(36): Illuminate\Foundation\Console\Kernel->handle(Object(Symfony\Component\Console\Input\ArgvInput), Object(Symfony\Component\Console\Output\ConsoleOutput))
#28 {main}

Next exception 'Illuminate\Database\QueryException' with message 'SQLSTATE[42S22]: Column not found: 1054 Unknown column 'pic_url' in 'field list' (SQL: insert into `web_srvpds` (`name`, `abstract`, `keywords`, `type`, `price`, `validate`, `content`, `pic_url`, `state`, `creator_id`, `count`, `updated_at`, `created_at`) values (测试服务标题0，要长长的，长一点，再长一点，嗯，差不多了, 测试服务摘要0为了凑够字数再多写几个字，嗯，再多写几个字，感觉差不多了吧，应该是够了呢。, 测试服务关键词17，测试服务关键词9, 10, 18668, 2016-01-25 02:13:13, 测试服务正文内容0正文嘛，就是要长长的，一定要比标题还要长，还要长，还要长，长到突破天际，长到能够让人看上一眼就不想读，就像虽然你萌根本就看不到这个内容，但是我还是要把它写的长长的。嗯，差不多够长了，好了，那就到这吧，临走之前再打几个字充一下字数。顺便一提，小学的作文要限制字数的时候，我就想这么干，现在终于有机会了，哈哈哈红红火火恍恍惚惚何厚铧。, image/ga.jpg, 2, 1, 4791, 2015-12-03 14:13:13, 2015-12-03 14:13:13))' in /alidata/www/wincoach/vendor/laravel/framework/src/Illuminate/Database/Connection.php:620
Stack trace:
#0 /alidata/www/wincoach/vendor/laravel/framework/src/Illuminate/Database/Connection.php(576): Illuminate\Database\Connection->runQueryCallback('insert into `we...', Array, Object(Closure))
#1 /alidata/www/wincoach/vendor/laravel/framework/src/Illuminate/Database/Connection.php(359): Illuminate\Database\Connection->run('insert into `we...', Array, Object(Closure))
#2 /alidata/www/wincoach/vendor/laravel/framework/src/Illuminate/Database/Connection.php(316): Illuminate\Database\Connection->statement('insert into `we...', Array)
#3 /alidata/www/wincoach/vendor/laravel/framework/src/Illuminate/Database/Query/Processors/Processor.php(30): Illuminate\Database\Connection->insert('insert into `we...', Array)
#4 /alidata/www/wincoach/vendor/laravel/framework/src/Illuminate/Database/Query/Builder.php(1718): Illuminate\Database\Query\Processors\Processor->processInsertGetId(Object(Illuminate\Database\Query\Builder), 'insert into `we...', Array, 'id')
#5 [internal function]: Illuminate\Database\Query\Builder->insertGetId(Array, 'id')
#6 /alidata/www/wincoach/vendor/laravel/framework/src/Illuminate/Database/Eloquent/Builder.php(933): call_user_func_array(Array, Array)
#7 /alidata/www/wincoach/vendor/compiled.php(9807): Illuminate\Database\Eloquent\Builder->__call('insertGetId', Array)
#8 /alidata/www/wincoach/vendor/compiled.php(9807): Illuminate\Database\Eloquent\Builder->insertGetId(Array, 'id')
#9 /alidata/www/wincoach/vendor/compiled.php(9797): Illuminate\Database\Eloquent\Model->insertAndSetId(Object(Illuminate\Database\Eloquent\Builder), Array)
#10 /alidata/www/wincoach/vendor/compiled.php(9754): Illuminate\Database\Eloquent\Model->performInsert(Object(Illuminate\Database\Eloquent\Builder), Array)
#11 /alidata/www/wincoach/vendor/compiled.php(9394): Illuminate\Database\Eloquent\Model->save()
#12 /alidata/www/wincoach/database/seeds/WebSrvpdTableSeeder.php(25): Illuminate\Database\Eloquent\Model::create(Array)
#13 /alidata/www/wincoach/vendor/laravel/framework/src/Illuminate/Database/Seeder.php(37): WebSrvpdTableSeeder->run()
#14 /alidata/www/wincoach/database/seeds/DatabaseSeeder.php(19): Illuminate\Database\Seeder->call('WebSrvpdTableSe...')
#15 /alidata/www/wincoach/vendor/laravel/framework/src/Illuminate/Database/Console/SeedCommand.php(57): DatabaseSeeder->run()
#16 [internal function]: Illuminate\Database\Console\SeedCommand->fire()
#17 /alidata/www/wincoach/vendor/compiled.php(925): call_user_func_array(Array, Array)
#18 /alidata/www/wincoach/vendor/laravel/framework/src/Illuminate/Console/Command.php(115): Illuminate\Container\Container->call(Array)
#19 /alidata/www/wincoach/vendor/symfony/console/Symfony/Component/Console/Command/Command.php(253): Illuminate\Console\Command->execute(Object(Symfony\Component\Console\Input\ArgvInput), Object(Symfony\Component\Console\Output\ConsoleOutput))
#20 /alidata/www/wincoach/vendor/laravel/framework/src/Illuminate/Console/Command.php(101): Symfony\Component\Console\Command\Command->run(Object(Symfony\Component\Console\Input\ArgvInput), Object(Symfony\Component\Console\Output\ConsoleOutput))
#21 /alidata/www/wincoach/vendor/symfony/console/Symfony/Component/Console/Application.php(874): Illuminate\Console\Command->run(Object(Symfony\Component\Console\Input\ArgvInput), Object(Symfony\Component\Console\Output\ConsoleOutput))
#22 /alidata/www/wincoach/vendor/symfony/console/Symfony/Component/Console/Application.php(195): Symfony\Component\Console\Application->doRunCommand(Object(Illuminate\Database\Console\SeedCommand), Object(Symfony\Component\Console\Input\ArgvInput), Object(Symfony\Component\Console\Output\ConsoleOutput))
#23 /alidata/www/wincoach/vendor/symfony/console/Symfony/Component/Console/Application.php(126): Symfony\Component\Console\Application->doRun(Object(Symfony\Component\Console\Input\ArgvInput), Object(Symfony\Component\Console\Output\ConsoleOutput))
#24 /alidata/www/wincoach/vendor/laravel/framework/src/Illuminate/Foundation/Console/Kernel.php(90): Symfony\Component\Console\Application->run(Object(Symfony\Component\Console\Input\ArgvInput), Object(Symfony\Component\Console\Output\ConsoleOutput))
#25 /alidata/www/wincoach/artisan(36): Illuminate\Foundation\Console\Kernel->handle(Object(Symfony\Component\Console\Input\ArgvInput), Object(Symfony\Component\Console\Output\ConsoleOutput))
#26 {main}  
[2015-12-03 14:14:28] local.ERROR: exception 'PDOException' with message 'SQLSTATE[HY000]: General error: 1364 Field 'page_url' doesn't have a default value' in /alidata/www/wincoach/vendor/laravel/framework/src/Illuminate/Database/Connection.php:358
Stack trace:
#0 /alidata/www/wincoach/vendor/laravel/framework/src/Illuminate/Database/Connection.php(358): PDOStatement->execute(Array)
#1 /alidata/www/wincoach/vendor/laravel/framework/src/Illuminate/Database/Connection.php(612): Illuminate\Database\Connection->Illuminate\Database\{closure}(Object(Illuminate\Database\MySqlConnection), 'insert into `we...', Array)
#2 /alidata/www/wincoach/vendor/laravel/framework/src/Illuminate/Database/Connection.php(576): Illuminate\Database\Connection->runQueryCallback('insert into `we...', Array, Object(Closure))
#3 /alidata/www/wincoach/vendor/laravel/framework/src/Illuminate/Database/Connection.php(359): Illuminate\Database\Connection->run('insert into `we...', Array, Object(Closure))
#4 /alidata/www/wincoach/vendor/laravel/framework/src/Illuminate/Database/Connection.php(316): Illuminate\Database\Connection->statement('insert into `we...', Array)
#5 /alidata/www/wincoach/vendor/laravel/framework/src/Illuminate/Database/Query/Processors/Processor.php(30): Illuminate\Database\Connection->insert('insert into `we...', Array)
#6 /alidata/www/wincoach/vendor/laravel/framework/src/Illuminate/Database/Query/Builder.php(1718): Illuminate\Database\Query\Processors\Processor->processInsertGetId(Object(Illuminate\Database\Query\Builder), 'insert into `we...', Array, 'id')
#7 [internal function]: Illuminate\Database\Query\Builder->insertGetId(Array, 'id')
#8 /alidata/www/wincoach/vendor/laravel/framework/src/Illuminate/Database/Eloquent/Builder.php(933): call_user_func_array(Array, Array)
#9 /alidata/www/wincoach/vendor/compiled.php(9807): Illuminate\Database\Eloquent\Builder->__call('insertGetId', Array)
#10 /alidata/www/wincoach/vendor/compiled.php(9807): Illuminate\Database\Eloquent\Builder->insertGetId(Array, 'id')
#11 /alidata/www/wincoach/vendor/compiled.php(9797): Illuminate\Database\Eloquent\Model->insertAndSetId(Object(Illuminate\Database\Eloquent\Builder), Array)
#12 /alidata/www/wincoach/vendor/compiled.php(9754): Illuminate\Database\Eloquent\Model->performInsert(Object(Illuminate\Database\Eloquent\Builder), Array)
#13 /alidata/www/wincoach/vendor/compiled.php(9394): Illuminate\Database\Eloquent\Model->save()
#14 /alidata/www/wincoach/database/seeds/WebSrvpdTableSeeder.php(25): Illuminate\Database\Eloquent\Model::create(Array)
#15 /alidata/www/wincoach/vendor/laravel/framework/src/Illuminate/Database/Seeder.php(37): WebSrvpdTableSeeder->run()
#16 /alidata/www/wincoach/database/seeds/DatabaseSeeder.php(19): Illuminate\Database\Seeder->call('WebSrvpdTableSe...')
#17 /alidata/www/wincoach/vendor/laravel/framework/src/Illuminate/Database/Console/SeedCommand.php(57): DatabaseSeeder->run()
#18 [internal function]: Illuminate\Database\Console\SeedCommand->fire()
#19 /alidata/www/wincoach/vendor/compiled.php(925): call_user_func_array(Array, Array)
#20 /alidata/www/wincoach/vendor/laravel/framework/src/Illuminate/Console/Command.php(115): Illuminate\Container\Container->call(Array)
#21 /alidata/www/wincoach/vendor/symfony/console/Symfony/Component/Console/Command/Command.php(253): Illuminate\Console\Command->execute(Object(Symfony\Component\Console\Input\ArgvInput), Object(Symfony\Component\Console\Output\ConsoleOutput))
#22 /alidata/www/wincoach/vendor/laravel/framework/src/Illuminate/Console/Command.php(101): Symfony\Component\Console\Command\Command->run(Object(Symfony\Component\Console\Input\ArgvInput), Object(Symfony\Component\Console\Output\ConsoleOutput))
#23 /alidata/www/wincoach/vendor/symfony/console/Symfony/Component/Console/Application.php(874): Illuminate\Console\Command->run(Object(Symfony\Component\Console\Input\ArgvInput), Object(Symfony\Component\Console\Output\ConsoleOutput))
#24 /alidata/www/wincoach/vendor/symfony/console/Symfony/Component/Console/Application.php(195): Symfony\Component\Console\Application->doRunCommand(Object(Illuminate\Database\Console\SeedCommand), Object(Symfony\Component\Console\Input\ArgvInput), Object(Symfony\Component\Console\Output\ConsoleOutput))
#25 /alidata/www/wincoach/vendor/symfony/console/Symfony/Component/Console/Application.php(126): Symfony\Component\Console\Application->doRun(Object(Symfony\Component\Console\Input\ArgvInput), Object(Symfony\Component\Console\Output\ConsoleOutput))
#26 /alidata/www/wincoach/vendor/laravel/framework/src/Illuminate/Foundation/Console/Kernel.php(90): Symfony\Component\Console\Application->run(Object(Symfony\Component\Console\Input\ArgvInput), Object(Symfony\Component\Console\Output\ConsoleOutput))
#27 /alidata/www/wincoach/artisan(36): Illuminate\Foundation\Console\Kernel->handle(Object(Symfony\Component\Console\Input\ArgvInput), Object(Symfony\Component\Console\Output\ConsoleOutput))
#28 {main}

Next exception 'Illuminate\Database\QueryException' with message 'SQLSTATE[HY000]: General error: 1364 Field 'page_url' doesn't have a default value (SQL: insert into `web_srvpds` (`name`, `abstract`, `keywords`, `type`, `price`, `validate`, `content`, `pic_url`, `state`, `creator_id`, `count`, `updated_at`, `created_at`) values (测试服务标题0，要长长的，长一点，再长一点，嗯，差不多了, 测试服务摘要0为了凑够字数再多写几个字，嗯，再多写几个字，感觉差不多了吧，应该是够了呢。, 测试服务关键词6，测试服务关键词18, 7, 1596, 2016-03-12 02:14:28, 测试服务正文内容0正文嘛，就是要长长的，一定要比标题还要长，还要长，还要长，长到突破天际，长到能够让人看上一眼就不想读，就像虽然你萌根本就看不到这个内容，但是我还是要把它写的长长的。嗯，差不多够长了，好了，那就到这吧，临走之前再打几个字充一下字数。顺便一提，小学的作文要限制字数的时候，我就想这么干，现在终于有机会了，哈哈哈红红火火恍恍惚惚何厚铧。, image/ga.jpg, 2, 1, 4568, 2015-12-03 14:14:28, 2015-12-03 14:14:28))' in /alidata/www/wincoach/vendor/laravel/framework/src/Illuminate/Database/Connection.php:620
Stack trace:
#0 /alidata/www/wincoach/vendor/laravel/framework/src/Illuminate/Database/Connection.php(576): Illuminate\Database\Connection->runQueryCallback('insert into `we...', Array, Object(Closure))
#1 /alidata/www/wincoach/vendor/laravel/framework/src/Illuminate/Database/Connection.php(359): Illuminate\Database\Connection->run('insert into `we...', Array, Object(Closure))
#2 /alidata/www/wincoach/vendor/laravel/framework/src/Illuminate/Database/Connection.php(316): Illuminate\Database\Connection->statement('insert into `we...', Array)
#3 /alidata/www/wincoach/vendor/laravel/framework/src/Illuminate/Database/Query/Processors/Processor.php(30): Illuminate\Database\Connection->insert('insert into `we...', Array)
#4 /alidata/www/wincoach/vendor/laravel/framework/src/Illuminate/Database/Query/Builder.php(1718): Illuminate\Database\Query\Processors\Processor->processInsertGetId(Object(Illuminate\Database\Query\Builder), 'insert into `we...', Array, 'id')
#5 [internal function]: Illuminate\Database\Query\Builder->insertGetId(Array, 'id')
#6 /alidata/www/wincoach/vendor/laravel/framework/src/Illuminate/Database/Eloquent/Builder.php(933): call_user_func_array(Array, Array)
#7 /alidata/www/wincoach/vendor/compiled.php(9807): Illuminate\Database\Eloquent\Builder->__call('insertGetId', Array)
#8 /alidata/www/wincoach/vendor/compiled.php(9807): Illuminate\Database\Eloquent\Builder->insertGetId(Array, 'id')
#9 /alidata/www/wincoach/vendor/compiled.php(9797): Illuminate\Database\Eloquent\Model->insertAndSetId(Object(Illuminate\Database\Eloquent\Builder), Array)
#10 /alidata/www/wincoach/vendor/compiled.php(9754): Illuminate\Database\Eloquent\Model->performInsert(Object(Illuminate\Database\Eloquent\Builder), Array)
#11 /alidata/www/wincoach/vendor/compiled.php(9394): Illuminate\Database\Eloquent\Model->save()
#12 /alidata/www/wincoach/database/seeds/WebSrvpdTableSeeder.php(25): Illuminate\Database\Eloquent\Model::create(Array)
#13 /alidata/www/wincoach/vendor/laravel/framework/src/Illuminate/Database/Seeder.php(37): WebSrvpdTableSeeder->run()
#14 /alidata/www/wincoach/database/seeds/DatabaseSeeder.php(19): Illuminate\Database\Seeder->call('WebSrvpdTableSe...')
#15 /alidata/www/wincoach/vendor/laravel/framework/src/Illuminate/Database/Console/SeedCommand.php(57): DatabaseSeeder->run()
#16 [internal function]: Illuminate\Database\Console\SeedCommand->fire()
#17 /alidata/www/wincoach/vendor/compiled.php(925): call_user_func_array(Array, Array)
#18 /alidata/www/wincoach/vendor/laravel/framework/src/Illuminate/Console/Command.php(115): Illuminate\Container\Container->call(Array)
#19 /alidata/www/wincoach/vendor/symfony/console/Symfony/Component/Console/Command/Command.php(253): Illuminate\Console\Command->execute(Object(Symfony\Component\Console\Input\ArgvInput), Object(Symfony\Component\Console\Output\ConsoleOutput))
#20 /alidata/www/wincoach/vendor/laravel/framework/src/Illuminate/Console/Command.php(101): Symfony\Component\Console\Command\Command->run(Object(Symfony\Component\Console\Input\ArgvInput), Object(Symfony\Component\Console\Output\ConsoleOutput))
#21 /alidata/www/wincoach/vendor/symfony/console/Symfony/Component/Console/Application.php(874): Illuminate\Console\Command->run(Object(Symfony\Component\Console\Input\ArgvInput), Object(Symfony\Component\Console\Output\ConsoleOutput))
#22 /alidata/www/wincoach/vendor/symfony/console/Symfony/Component/Console/Application.php(195): Symfony\Component\Console\Application->doRunCommand(Object(Illuminate\Database\Console\SeedCommand), Object(Symfony\Component\Console\Input\ArgvInput), Object(Symfony\Component\Console\Output\ConsoleOutput))
#23 /alidata/www/wincoach/vendor/symfony/console/Symfony/Component/Console/Application.php(126): Symfony\Component\Console\Application->doRun(Object(Symfony\Component\Console\Input\ArgvInput), Object(Symfony\Component\Console\Output\ConsoleOutput))
#24 /alidata/www/wincoach/vendor/laravel/framework/src/Illuminate/Foundation/Console/Kernel.php(90): Symfony\Component\Console\Application->run(Object(Symfony\Component\Console\Input\ArgvInput), Object(Symfony\Component\Console\Output\ConsoleOutput))
#25 /alidata/www/wincoach/artisan(36): Illuminate\Foundation\Console\Kernel->handle(Object(Symfony\Component\Console\Input\ArgvInput), Object(Symfony\Component\Console\Output\ConsoleOutput))
#26 {main}  
[2015-12-03 14:15:34] local.ERROR: exception 'PDOException' with message 'SQLSTATE[HY000]: General error: 1364 Field 'page_url' doesn't have a default value' in /alidata/www/wincoach/vendor/laravel/framework/src/Illuminate/Database/Connection.php:358
Stack trace:
#0 /alidata/www/wincoach/vendor/laravel/framework/src/Illuminate/Database/Connection.php(358): PDOStatement->execute(Array)
#1 /alidata/www/wincoach/vendor/laravel/framework/src/Illuminate/Database/Connection.php(612): Illuminate\Database\Connection->Illuminate\Database\{closure}(Object(Illuminate\Database\MySqlConnection), 'insert into `we...', Array)
#2 /alidata/www/wincoach/vendor/laravel/framework/src/Illuminate/Database/Connection.php(576): Illuminate\Database\Connection->runQueryCallback('insert into `we...', Array, Object(Closure))
#3 /alidata/www/wincoach/vendor/laravel/framework/src/Illuminate/Database/Connection.php(359): Illuminate\Database\Connection->run('insert into `we...', Array, Object(Closure))
#4 /alidata/www/wincoach/vendor/laravel/framework/src/Illuminate/Database/Connection.php(316): Illuminate\Database\Connection->statement('insert into `we...', Array)
#5 /alidata/www/wincoach/vendor/laravel/framework/src/Illuminate/Database/Query/Processors/Processor.php(30): Illuminate\Database\Connection->insert('insert into `we...', Array)
#6 /alidata/www/wincoach/vendor/laravel/framework/src/Illuminate/Database/Query/Builder.php(1718): Illuminate\Database\Query\Processors\Processor->processInsertGetId(Object(Illuminate\Database\Query\Builder), 'insert into `we...', Array, 'id')
#7 [internal function]: Illuminate\Database\Query\Builder->insertGetId(Array, 'id')
#8 /alidata/www/wincoach/vendor/laravel/framework/src/Illuminate/Database/Eloquent/Builder.php(933): call_user_func_array(Array, Array)
#9 /alidata/www/wincoach/vendor/compiled.php(9807): Illuminate\Database\Eloquent\Builder->__call('insertGetId', Array)
#10 /alidata/www/wincoach/vendor/compiled.php(9807): Illuminate\Database\Eloquent\Builder->insertGetId(Array, 'id')
#11 /alidata/www/wincoach/vendor/compiled.php(9797): Illuminate\Database\Eloquent\Model->insertAndSetId(Object(Illuminate\Database\Eloquent\Builder), Array)
#12 /alidata/www/wincoach/vendor/compiled.php(9754): Illuminate\Database\Eloquent\Model->performInsert(Object(Illuminate\Database\Eloquent\Builder), Array)
#13 /alidata/www/wincoach/vendor/compiled.php(9394): Illuminate\Database\Eloquent\Model->save()
#14 /alidata/www/wincoach/database/seeds/WebSrvpdTableSeeder.php(25): Illuminate\Database\Eloquent\Model::create(Array)
#15 /alidata/www/wincoach/vendor/laravel/framework/src/Illuminate/Database/Seeder.php(37): WebSrvpdTableSeeder->run()
#16 /alidata/www/wincoach/database/seeds/DatabaseSeeder.php(19): Illuminate\Database\Seeder->call('WebSrvpdTableSe...')
#17 /alidata/www/wincoach/vendor/laravel/framework/src/Illuminate/Database/Console/SeedCommand.php(57): DatabaseSeeder->run()
#18 [internal function]: Illuminate\Database\Console\SeedCommand->fire()
#19 /alidata/www/wincoach/vendor/compiled.php(925): call_user_func_array(Array, Array)
#20 /alidata/www/wincoach/vendor/laravel/framework/src/Illuminate/Console/Command.php(115): Illuminate\Container\Container->call(Array)
#21 /alidata/www/wincoach/vendor/symfony/console/Symfony/Component/Console/Command/Command.php(253): Illuminate\Console\Command->execute(Object(Symfony\Component\Console\Input\ArgvInput), Object(Symfony\Component\Console\Output\ConsoleOutput))
#22 /alidata/www/wincoach/vendor/laravel/framework/src/Illuminate/Console/Command.php(101): Symfony\Component\Console\Command\Command->run(Object(Symfony\Component\Console\Input\ArgvInput), Object(Symfony\Component\Console\Output\ConsoleOutput))
#23 /alidata/www/wincoach/vendor/symfony/console/Symfony/Component/Console/Application.php(874): Illuminate\Console\Command->run(Object(Symfony\Component\Console\Input\ArgvInput), Object(Symfony\Component\Console\Output\ConsoleOutput))
#24 /alidata/www/wincoach/vendor/symfony/console/Symfony/Component/Console/Application.php(195): Symfony\Component\Console\Application->doRunCommand(Object(Illuminate\Database\Console\SeedCommand), Object(Symfony\Component\Console\Input\ArgvInput), Object(Symfony\Component\Console\Output\ConsoleOutput))
#25 /alidata/www/wincoach/vendor/symfony/console/Symfony/Component/Console/Application.php(126): Symfony\Component\Console\Application->doRun(Object(Symfony\Component\Console\Input\ArgvInput), Object(Symfony\Component\Console\Output\ConsoleOutput))
#26 /alidata/www/wincoach/vendor/laravel/framework/src/Illuminate/Foundation/Console/Kernel.php(90): Symfony\Component\Console\Application->run(Object(Symfony\Component\Console\Input\ArgvInput), Object(Symfony\Component\Console\Output\ConsoleOutput))
#27 /alidata/www/wincoach/artisan(36): Illuminate\Foundation\Console\Kernel->handle(Object(Symfony\Component\Console\Input\ArgvInput), Object(Symfony\Component\Console\Output\ConsoleOutput))
#28 {main}

Next exception 'Illuminate\Database\QueryException' with message 'SQLSTATE[HY000]: General error: 1364 Field 'page_url' doesn't have a default value (SQL: insert into `web_srvpds` (`name`, `abstract`, `keywords`, `type`, `price`, `validate`, `content`, `pic_url`, `state`, `creator_id`, `count`, `updated_at`, `created_at`) values (测试服务标题0，要长长的，长一点，再长一点，嗯，差不多了, 测试服务摘要0为了凑够字数再多写几个字，嗯，再多写几个字，感觉差不多了吧，应该是够了呢。, 测试服务关键词20，测试服务关键词15, 10, 2244, 2016-01-19 02:15:34, 测试服务正文内容0正文嘛，就是要长长的，一定要比标题还要长，还要长，还要长，长到突破天际，长到能够让人看上一眼就不想读，就像虽然你萌根本就看不到这个内容，但是我还是要把它写的长长的。嗯，差不多够长了，好了，那就到这吧，临走之前再打几个字充一下字数。顺便一提，小学的作文要限制字数的时候，我就想这么干，现在终于有机会了，哈哈哈红红火火恍恍惚惚何厚铧。, image/ga.jpg, 2, 1, 6695, 2015-12-03 14:15:34, 2015-12-03 14:15:34))' in /alidata/www/wincoach/vendor/laravel/framework/src/Illuminate/Database/Connection.php:620
Stack trace:
#0 /alidata/www/wincoach/vendor/laravel/framework/src/Illuminate/Database/Connection.php(576): Illuminate\Database\Connection->runQueryCallback('insert into `we...', Array, Object(Closure))
#1 /alidata/www/wincoach/vendor/laravel/framework/src/Illuminate/Database/Connection.php(359): Illuminate\Database\Connection->run('insert into `we...', Array, Object(Closure))
#2 /alidata/www/wincoach/vendor/laravel/framework/src/Illuminate/Database/Connection.php(316): Illuminate\Database\Connection->statement('insert into `we...', Array)
#3 /alidata/www/wincoach/vendor/laravel/framework/src/Illuminate/Database/Query/Processors/Processor.php(30): Illuminate\Database\Connection->insert('insert into `we...', Array)
#4 /alidata/www/wincoach/vendor/laravel/framework/src/Illuminate/Database/Query/Builder.php(1718): Illuminate\Database\Query\Processors\Processor->processInsertGetId(Object(Illuminate\Database\Query\Builder), 'insert into `we...', Array, 'id')
#5 [internal function]: Illuminate\Database\Query\Builder->insertGetId(Array, 'id')
#6 /alidata/www/wincoach/vendor/laravel/framework/src/Illuminate/Database/Eloquent/Builder.php(933): call_user_func_array(Array, Array)
#7 /alidata/www/wincoach/vendor/compiled.php(9807): Illuminate\Database\Eloquent\Builder->__call('insertGetId', Array)
#8 /alidata/www/wincoach/vendor/compiled.php(9807): Illuminate\Database\Eloquent\Builder->insertGetId(Array, 'id')
#9 /alidata/www/wincoach/vendor/compiled.php(9797): Illuminate\Database\Eloquent\Model->insertAndSetId(Object(Illuminate\Database\Eloquent\Builder), Array)
#10 /alidata/www/wincoach/vendor/compiled.php(9754): Illuminate\Database\Eloquent\Model->performInsert(Object(Illuminate\Database\Eloquent\Builder), Array)
#11 /alidata/www/wincoach/vendor/compiled.php(9394): Illuminate\Database\Eloquent\Model->save()
#12 /alidata/www/wincoach/database/seeds/WebSrvpdTableSeeder.php(25): Illuminate\Database\Eloquent\Model::create(Array)
#13 /alidata/www/wincoach/vendor/laravel/framework/src/Illuminate/Database/Seeder.php(37): WebSrvpdTableSeeder->run()
#14 /alidata/www/wincoach/database/seeds/DatabaseSeeder.php(19): Illuminate\Database\Seeder->call('WebSrvpdTableSe...')
#15 /alidata/www/wincoach/vendor/laravel/framework/src/Illuminate/Database/Console/SeedCommand.php(57): DatabaseSeeder->run()
#16 [internal function]: Illuminate\Database\Console\SeedCommand->fire()
#17 /alidata/www/wincoach/vendor/compiled.php(925): call_user_func_array(Array, Array)
#18 /alidata/www/wincoach/vendor/laravel/framework/src/Illuminate/Console/Command.php(115): Illuminate\Container\Container->call(Array)
#19 /alidata/www/wincoach/vendor/symfony/console/Symfony/Component/Console/Command/Command.php(253): Illuminate\Console\Command->execute(Object(Symfony\Component\Console\Input\ArgvInput), Object(Symfony\Component\Console\Output\ConsoleOutput))
#20 /alidata/www/wincoach/vendor/laravel/framework/src/Illuminate/Console/Command.php(101): Symfony\Component\Console\Command\Command->run(Object(Symfony\Component\Console\Input\ArgvInput), Object(Symfony\Component\Console\Output\ConsoleOutput))
#21 /alidata/www/wincoach/vendor/symfony/console/Symfony/Component/Console/Application.php(874): Illuminate\Console\Command->run(Object(Symfony\Component\Console\Input\ArgvInput), Object(Symfony\Component\Console\Output\ConsoleOutput))
#22 /alidata/www/wincoach/vendor/symfony/console/Symfony/Component/Console/Application.php(195): Symfony\Component\Console\Application->doRunCommand(Object(Illuminate\Database\Console\SeedCommand), Object(Symfony\Component\Console\Input\ArgvInput), Object(Symfony\Component\Console\Output\ConsoleOutput))
#23 /alidata/www/wincoach/vendor/symfony/console/Symfony/Component/Console/Application.php(126): Symfony\Component\Console\Application->doRun(Object(Symfony\Component\Console\Input\ArgvInput), Object(Symfony\Component\Console\Output\ConsoleOutput))
#24 /alidata/www/wincoach/vendor/laravel/framework/src/Illuminate/Foundation/Console/Kernel.php(90): Symfony\Component\Console\Application->run(Object(Symfony\Component\Console\Input\ArgvInput), Object(Symfony\Component\Console\Output\ConsoleOutput))
#25 /alidata/www/wincoach/artisan(36): Illuminate\Foundation\Console\Kernel->handle(Object(Symfony\Component\Console\Input\ArgvInput), Object(Symfony\Component\Console\Output\ConsoleOutput))
#26 {main}  
