[2020-06-14 18:44:58] production.ERROR: ErrorException: Use of undefined constant MCRYPT_RIJNDAEL_128 - assumed 'MCRYPT_RIJNDAEL_128' (this will throw an Error in a future version of PHP) in /Users/RyanQu/Documents/Workspace/Git/reiteng_wincoach/vendor/compiled.php:6539
Stack trace:
#0 /Users/RyanQu/Documents/Workspace/Git/reiteng_wincoach/vendor/compiled.php(6539): Illuminate\Foundation\Bootstrap\HandleExceptions->handleError(2, 'Use of undefine...', '/Users/RyanQu/D...', 6539, Array)
#1 /Users/RyanQu/Documents/Workspace/Git/reiteng_wincoach/vendor/compiled.php(1027): Illuminate\Encryption\EncryptionServiceProvider->Illuminate\Encryption\{closure}(Object(Illuminate\Foundation\Application), Array)
#2 /Users/RyanQu/Documents/Workspace/Git/reiteng_wincoach/vendor/compiled.php(980): Illuminate\Container\Container->build(Object(Closure), Array)
#3 /Users/RyanQu/Documents/Workspace/Git/reiteng_wincoach/vendor/compiled.php(1493): Illuminate\Container\Container->make('encrypter', Array)
#4 /Users/RyanQu/Documents/Workspace/Git/reiteng_wincoach/vendor/compiled.php(1072): Illuminate\Foundation\Application->make('encrypter')
#5 /Users/RyanQu/Documents/Workspace/Git/reiteng_wincoach/vendor/compiled.php(1056): Illuminate\Container\Container->resolveClass(Object(ReflectionParameter))
#6 /Users/RyanQu/Documents/Workspace/Git/reiteng_wincoach/vendor/compiled.php(1042): Illuminate\Container\Container->getDependencies(Array, Array)
#7 /Users/RyanQu/Documents/Workspace/Git/reiteng_wincoach/vendor/compiled.php(980): Illuminate\Container\Container->build('Illuminate\\Cook...', Array)
#8 /Users/RyanQu/Documents/Workspace/Git/reiteng_wincoach/vendor/compiled.php(1493): Illuminate\Container\Container->make('Illuminate\\Cook...', Array)
#9 /Users/RyanQu/Documents/Workspace/Git/reiteng_wincoach/vendor/compiled.php(8944): Illuminate\Foundation\Application->make('Illuminate\\Cook...')
#10 /Users/RyanQu/Documents/Workspace/Git/reiteng_wincoach/vendor/compiled.php(2478): Illuminate\Pipeline\Pipeline->Illuminate\Pipeline\{closure}(Object(Illuminate\Http\Request))
#11 /Users/RyanQu/Documents/Workspace/Git/reiteng_wincoach/vendor/compiled.php(8944): Illuminate\Foundation\Http\Middleware\CheckForMaintenanceMode->handle(Object(Illuminate\Http\Request), Object(Closure))
#12 [internal function]: Illuminate\Pipeline\Pipeline->Illuminate\Pipeline\{closure}(Object(Illuminate\Http\Request))
#13 /Users/RyanQu/Documents/Workspace/Git/reiteng_wincoach/vendor/compiled.php(8935): call_user_func(Object(Closure), Object(Illuminate\Http\Request))
#14 /Users/RyanQu/Documents/Workspace/Git/reiteng_wincoach/vendor/compiled.php(1891): Illuminate\Pipeline\Pipeline->then(Object(Closure))
#15 /Users/RyanQu/Documents/Workspace/Git/reiteng_wincoach/vendor/compiled.php(1880): Illuminate\Foundation\Http\Kernel->sendRequestThroughRouter(Object(Illuminate\Http\Request))
#16 /Users/RyanQu/Documents/Workspace/Git/reiteng_wincoach/public/index.php(52): Illuminate\Foundation\Http\Kernel->handle(Object(Illuminate\Http\Request))
#17 {main}  
[2020-06-14 18:44:58] production.ERROR: ErrorException: Use of undefined constant MCRYPT_RIJNDAEL_128 - assumed 'MCRYPT_RIJNDAEL_128' (this will throw an Error in a future version of PHP) in /Users/RyanQu/Documents/Workspace/Git/reiteng_wincoach/vendor/compiled.php:6539
Stack trace:
#0 /Users/RyanQu/Documents/Workspace/Git/reiteng_wincoach/vendor/compiled.php(6539): Illuminate\Foundation\Bootstrap\HandleExceptions->handleError(2, 'Use of undefine...', '/Users/RyanQu/D...', 6539, Array)
#1 /Users/RyanQu/Documents/Workspace/Git/reiteng_wincoach/vendor/compiled.php(1027): Illuminate\Encryption\EncryptionServiceProvider->Illuminate\Encryption\{closure}(Object(Illuminate\Foundation\Application), Array)
#2 /Users/RyanQu/Documents/Workspace/Git/reiteng_wincoach/vendor/compiled.php(980): Illuminate\Container\Container->build(Object(Closure), Array)
#3 /Users/RyanQu/Documents/Workspace/Git/reiteng_wincoach/vendor/compiled.php(1493): Illuminate\Container\Container->make('encrypter', Array)
#4 /Users/RyanQu/Documents/Workspace/Git/reiteng_wincoach/vendor/compiled.php(1072): Illuminate\Foundation\Application->make('encrypter')
#5 /Users/RyanQu/Documents/Workspace/Git/reiteng_wincoach/vendor/compiled.php(1056): Illuminate\Container\Container->resolveClass(Object(ReflectionParameter))
#6 /Users/RyanQu/Documents/Workspace/Git/reiteng_wincoach/vendor/compiled.php(1042): Illuminate\Container\Container->getDependencies(Array, Array)
#7 /Users/RyanQu/Documents/Workspace/Git/reiteng_wincoach/vendor/compiled.php(980): Illuminate\Container\Container->build('Illuminate\\Cook...', Array)
#8 /Users/RyanQu/Documents/Workspace/Git/reiteng_wincoach/vendor/compiled.php(1493): Illuminate\Container\Container->make('Illuminate\\Cook...', Array)
#9 /Users/RyanQu/Documents/Workspace/Git/reiteng_wincoach/vendor/compiled.php(1897): Illuminate\Foundation\Application->make('Illuminate\\Cook...')
#10 /Users/RyanQu/Documents/Workspace/Git/reiteng_wincoach/public/index.php(57): Illuminate\Foundation\Http\Kernel->terminate(Object(Illuminate\Http\Request), Object(Symfony\Component\HttpFoundation\Response))
#11 {main}  
